<?xml version="1.0" encoding="UTF-8"?>
<!-- Generated by org.testng.reporters.JUnitXMLReporter -->
<testsuite ignored="1" hostname="5CG1378HMZ" failures="0" tests="1" name="Default test" time="13.86" errors="0" timestamp="2022-09-20T14:03:03 IST">
  <testcase classname="webAutomation.NewTestTest" name="validatePageTitle" time="9.361"/>
  <testcase classname="webAutomation.NewTestTest" name="validatePageTitle1" time="0.0">
    <ignored/>
  </testcase> <!-- validatePageTitle1 -->
</testsuite> <!-- Default test -->
