<?xml version="1.0" encoding="UTF-8"?>
<!-- Generated by org.testng.reporters.JUnitXMLReporter -->
<testsuite ignored="2" hostname="5CG1378HMZ" failures="0" tests="1" name="Default test" time="32.522" errors="0" timestamp="2023-01-24T14:21:21 IST">
  <testcase classname="webAutomation.shadowElements" name="openAnyWhereTest2" time="22.356"/>
  <testcase classname="webAutomation.shadowElements" name="openAnyWhereTest1" time="0.0">
    <ignored/>
  </testcase> <!-- openAnyWhereTest1 -->
  <testcase classname="webAutomation.shadowElements" name="testElement" time="0.0">
    <ignored/>
  </testcase> <!-- testElement -->
</testsuite> <!-- Default test -->
