<?xml version="1.0" encoding="UTF-8"?>
<testng-results total="1" passed="1" failed="0" skipped="0">
  <reporter-output>
  </reporter-output>
  <suite started-at="2022-08-25T09:50:50Z" name="Default suite" finished-at="2022-08-25T09:51:38Z" duration-ms="48497">
    <groups>
    </groups>
    <test started-at="2022-08-25T09:50:50Z" name="Default test" finished-at="2022-08-25T09:51:38Z" duration-ms="48497">
      <class name="webAutomation.shadowElements">
        <test-method is-config="true" signature="setBrowser()[pri:0, instance:webAutomation.shadowElements@36cda2c2]" started-at="2022-08-25T15:20:50Z" name="setBrowser" finished-at="2022-08-25T15:21:15Z" duration-ms="25188" status="PASS">
          <reporter-output>
          </reporter-output>
        </test-method> <!-- setBrowser -->
        <test-method signature="testShadowElement()[pri:0, instance:webAutomation.shadowElements@36cda2c2]" started-at="2022-08-25T15:21:15Z" name="testShadowElement" finished-at="2022-08-25T15:21:35Z" duration-ms="20154" status="PASS">
          <reporter-output>
          </reporter-output>
        </test-method> <!-- testShadowElement -->
        <test-method is-config="true" signature="tearDown()[pri:0, instance:webAutomation.shadowElements@36cda2c2]" started-at="2022-08-25T15:21:35Z" name="tearDown" finished-at="2022-08-25T15:21:38Z" duration-ms="3145" status="PASS">
          <reporter-output>
          </reporter-output>
        </test-method> <!-- tearDown -->
      </class> <!-- webAutomation.shadowElements -->
    </test> <!-- Default test -->
  </suite> <!-- Default suite -->
</testng-results>
