<?xml version="1.0" encoding="UTF-8"?>
<testng-results total="1" passed="1" failed="0" skipped="0">
  <reporter-output>
  </reporter-output>
  <suite started-at="2022-08-16T04:24:05Z" name="Default suite" finished-at="2022-08-16T04:24:32Z" duration-ms="26787">
    <groups>
    </groups>
    <test started-at="2022-08-16T04:24:05Z" name="Default test" finished-at="2022-08-16T04:24:32Z" duration-ms="26787">
      <class name="webAutomation.shadowElements">
        <test-method is-config="true" signature="setBrowser()[pri:0, instance:webAutomation.shadowElements@3697186]" started-at="2022-08-16T09:54:05Z" name="setBrowser" finished-at="2022-08-16T09:54:31Z" duration-ms="25604" status="PASS">
          <reporter-output>
          </reporter-output>
        </test-method> <!-- setBrowser -->
        <test-method signature="testShadowRootElement2()[pri:0, instance:webAutomation.shadowElements@3697186]" started-at="2022-08-16T09:54:31Z" name="testShadowRootElement2" finished-at="2022-08-16T09:54:31Z" duration-ms="113" status="PASS">
          <reporter-output>
          </reporter-output>
        </test-method> <!-- testShadowRootElement2 -->
        <test-method is-config="true" signature="tearDown()[pri:0, instance:webAutomation.shadowElements@3697186]" started-at="2022-08-16T09:54:31Z" name="tearDown" finished-at="2022-08-16T09:54:32Z" duration-ms="1046" status="PASS">
          <reporter-output>
          </reporter-output>
        </test-method> <!-- tearDown -->
      </class> <!-- webAutomation.shadowElements -->
    </test> <!-- Default test -->
  </suite> <!-- Default suite -->
</testng-results>
